Using pre-set license
Built from '6000.1/staging' branch; Version is '6000.1.2f1 (8e2281df4c52) revision 9314945'; Using compiler version '194234433'; Build Type 'Release'
OS: 'Windows 10  (10.0.19044) 64bit EnterpriseS' Language: 'en' Physical Memory: 7824 MB
BatchMode: 1, IsHumanControllingUs: 0, StartBugReporterOnCrash: 0, Is64bit: 1, IsPro: 1
Date: 2026-04-20T20:04:21Z

COMMAND LINE ARGUMENTS:
C:\Program Files\Unity\Hub\Editor\6000.1.2f1\Editor\Unity.exe
-adb2
-batchMode
-noUpm
-name
AssetImportWorker1
-projectPath
C:/Users/jeremyp/source/repos/Breakout/My project
-logFile
Logs/AssetImportWorker1.log
-srvPort
62587
-job-worker-count
4
-background-job-worker-count
8
-gc-helper-count
1
-name
AssetImport
Successfully changed project path to: C:/Users/jeremyp/source/repos/Breakout/My project
C:/Users/jeremyp/source/repos/Breakout/My project
[UnityMemory] Configuration Parameters - Can be set up in boot.config
    "memorysetup-allocator-temp-initial-block-size-main=262144"
    "memorysetup-allocator-temp-initial-block-size-worker=262144"
    "memorysetup-bucket-allocator-granularity=16"
    "memorysetup-bucket-allocator-bucket-count=8"
    "memorysetup-bucket-allocator-block-size=33554432"
    "memorysetup-bucket-allocator-block-count=8"
    "memorysetup-main-allocator-block-size=16777216"
    "memorysetup-thread-allocator-block-size=16777216"
    "memorysetup-gfx-main-allocator-block-size=16777216"
    "memorysetup-gfx-thread-allocator-block-size=16777216"
    "memorysetup-cache-allocator-block-size=4194304"
    "memorysetup-typetree-allocator-block-size=2097152"
    "memorysetup-profiler-bucket-allocator-granularity=16"
    "memorysetup-profiler-bucket-allocator-bucket-count=8"
    "memorysetup-profiler-bucket-allocator-block-size=33554432"
    "memorysetup-profiler-bucket-allocator-block-count=8"
    "memorysetup-profiler-allocator-block-size=16777216"
    "memorysetup-profiler-editor-allocator-block-size=1048576"
    "memorysetup-temp-allocator-size-main=16777216"
    "memorysetup-job-temp-allocator-block-size=2097152"
    "memorysetup-job-temp-allocator-block-size-background=1048576"
    "memorysetup-job-temp-allocator-reduction-small-platforms=262144"
    "memorysetup-temp-allocator-size-background-worker=32768"
    "memorysetup-temp-allocator-size-job-worker=262144"
    "memorysetup-temp-allocator-size-preload-manager=33554432"
    "memorysetup-temp-allocator-size-nav-mesh-worker=65536"
    "memorysetup-temp-allocator-size-audio-worker=65536"
    "memorysetup-temp-allocator-size-cloud-worker=32768"
    "memorysetup-temp-allocator-size-gi-baking-worker=262144"
    "memorysetup-temp-allocator-size-gi-baking-worker=262144"
    "memorysetup-temp-allocator-size-gi-baking-worker=262144"
    "memorysetup-temp-allocator-size-gi-baking-worker=262144"
    "memorysetup-temp-allocator-size-gi-baking-worker=262144"
    "memorysetup-temp-allocator-size-gfx=262144"
Player connection [43392]  Target information:

Player connection [43392]  * "[IP] 192.168.1.144 [Port] 0 [Flags] 2 [Guid] 3470859296 [EditorId] 3470859296 [Version] 1048832 [Id] WindowsEditor(7,REMO-JC-390BF0) [Debug] 1 [PackageName] WindowsEditor [ProjectName] Editor" 

Player connection [43392] Host joined multi-casting on [225.0.0.222:54997]...
Player connection [43392] Host joined alternative multi-casting on [225.0.0.222:34997]...
JobSystem: Creating JobQueue using job-worker-count value 4
Input System module state changed to: Initialized.
[Physics::Module] Initialized fallback backend.
[Physics::Module] Id: 0xdecafbad
Library Redirect Path: Library/
[Physics::Module] Selected backend.
[Physics::Module] Name: PhysX
[Physics::Module] Id: 0xf2b8ea05
[Physics::Module] SDK Version: 4.1.2
[Physics::Module] Integration Version: 1.0.0
[Physics::Module] Threading Mode: Multi-Threaded
Refreshing native plugins compatible for Editor in 1182.79 ms, found 4 plugins.
Preloading 0 native plugins for Editor in 0.00 ms.
Initialize engine version: 6000.1.2f1 (8e2281df4c52)
[Subsystems] Discovering subsystems at path C:/Program Files/Unity/Hub/Editor/6000.1.2f1/Editor/Data/Resources/UnitySubsystems
[Subsystems] Discovering subsystems at path C:/Users/jeremyp/source/repos/Breakout/My project/Assets
GfxDevice: creating device client; kGfxThreadingModeNonThreaded
Direct3D:
    Version:         Direct3D 12 [level 12.1]
    Renderer:        Intel(R) UHD Graphics (ID=0x4628)
    Vendor:          Intel
    VRAM:            3912 MB
    App VRAM Budget: 3520 MB
    Driver:          31.0.101.4887
    Unified Memory Architecture
    Cache Coherent UMA
Initialize mono
Mono path[0] = 'C:/Program Files/Unity/Hub/Editor/6000.1.2f1/Editor/Data/Managed'
Mono path[1] = 'C:/Program Files/Unity/Hub/Editor/6000.1.2f1/Editor/Data/MonoBleedingEdge/lib/mono/unityjit-win32'
Mono config path = 'C:/Program Files/Unity/Hub/Editor/6000.1.2f1/Editor/Data/MonoBleedingEdge/etc'
Using monoOptions --debugger-agent=transport=dt_socket,embedding=1,server=y,suspend=n,address=127.0.0.1:56192
Begin MonoManager ReloadAssembly
Registering precompiled unity dll's ...
Register platform support module: C:/Program Files/Unity/Hub/Editor/6000.1.2f1/Editor/Data/PlaybackEngines/WebGLSupport/UnityEditor.WebGL.Extensions.dll
Register platform support module: C:/Program Files/Unity/Hub/Editor/6000.1.2f1/Editor/Data/PlaybackEngines/WindowsStandaloneSupport/UnityEditor.WindowsStandalone.Extensions.dll
Registered in 0.014497 seconds.
- Loaded All Assemblies, in  1.759 seconds
Native extension for WindowsStandalone target not found
Native extension for WebGL target not found
Mono: successfully reloaded assembly
- Finished resetting the current domain, in  0.947 seconds
Domain Reload Profiling: 2694ms
	BeginReloadAssembly (600ms)
		ExecutionOrderSort (0ms)
		DisableScriptedObjects (0ms)
		BackupInstance (0ms)
		ReleaseScriptingObjects (0ms)
		CreateAndSetChildDomain (4ms)
	RebuildCommonClasses (117ms)
	RebuildNativeTypeToScriptingClass (33ms)
	initialDomainReloadingComplete (350ms)
	LoadAllAssembliesAndSetupDomain (645ms)
		LoadAssemblies (587ms)
		RebuildTransferFunctionScriptingTraits (0ms)
		AnalyzeDomain (630ms)
			TypeCache.Refresh (627ms)
				TypeCache.ScanAssembly (561ms)
			BuildScriptInfoCaches (0ms)
			ResolveRequiredComponents (1ms)
	FinalizeReload (948ms)
		ReleaseScriptCaches (0ms)
		RebuildScriptCaches (0ms)
		SetupLoadedEditorAssemblies (821ms)
			LogAssemblyErrors (0ms)
			InitializePlatformSupportModulesInManaged (144ms)
			SetLoadedEditorAssemblies (8ms)
			BeforeProcessingInitializeOnLoad (161ms)
			ProcessInitializeOnLoadAttributes (361ms)
			ProcessInitializeOnLoadMethodAttributes (145ms)
			AfterProcessingInitializeOnLoad (0ms)
			EditorAssembliesLoaded (2ms)
		ExecutionOrderSort2 (0ms)
		AwakeInstancesAfterBackupRestoration (0ms)
========================================================================
Worker process is ready to serve import requests
Import Worker Mode flag is 0x00
Begin MonoManager ReloadAssembly
- Loaded All Assemblies, in  3.636 seconds
Failed to determine dll type for Packages/com.unity.collab-proxy/Lib/Editor/unityplastic.dll
Failed to determine dll type for Packages/com.unity.collab-proxy/Lib/Editor/unityplastic.dll
Failed to determine dll type for Packages/com.unity.collab-proxy/Lib/Editor/Unity.Plastic.Antlr3.Runtime.dll
Failed to determine dll type for Packages/com.unity.collab-proxy/Lib/Editor/Unity.Plastic.Antlr3.Runtime.dll
Failed to determine dll type for Packages/com.unity.collab-proxy/Lib/Editor/Unity.Plastic.Newtonsoft.Json.dll
Failed to determine dll type for Packages/com.unity.collab-proxy/Lib/Editor/Unity.Plastic.Newtonsoft.Json.dll
Failed to determine dll type for Packages/com.unity.collab-proxy/Lib/Editor/log4netPlastic.dll
Failed to determine dll type for Packages/com.unity.collab-proxy/Lib/Editor/log4netPlastic.dll
Refreshing native plugins compatible for Editor in 15.55 ms, found 2 plugins.
Native extension for WindowsStandalone target not found
Native extension for WebGL target not found
Mono: successfully reloaded assembly
- Finished resetting the current domain, in  7.091 seconds
Domain Reload Profiling: 10699ms
	BeginReloadAssembly (752ms)
		ExecutionOrderSort (0ms)
		DisableScriptedObjects (24ms)
		BackupInstance (0ms)
		ReleaseScriptingObjects (0ms)
		CreateAndSetChildDomain (146ms)
	RebuildCommonClasses (130ms)
	RebuildNativeTypeToScriptingClass (87ms)
	initialDomainReloadingComplete (142ms)
	LoadAllAssembliesAndSetupDomain (2491ms)
		LoadAssemblies (1748ms)
		RebuildTransferFunctionScriptingTraits (0ms)
		AnalyzeDomain (1123ms)
			TypeCache.Refresh (881ms)
				TypeCache.ScanAssembly (796ms)
			BuildScriptInfoCaches (195ms)
			ResolveRequiredComponents (38ms)
	FinalizeReload (7098ms)
		ReleaseScriptCaches (0ms)
		RebuildScriptCaches (0ms)
		SetupLoadedEditorAssemblies (5831ms)
			LogAssemblyErrors (0ms)
			InitializePlatformSupportModulesInManaged (31ms)
			SetLoadedEditorAssemblies (32ms)
			BeforeProcessingInitializeOnLoad (2809ms)
			ProcessInitializeOnLoadAttributes (2101ms)
			ProcessInitializeOnLoadMethodAttributes (813ms)
			AfterProcessingInitializeOnLoad (36ms)
			EditorAssembliesLoaded (7ms)
		ExecutionOrderSort2 (2ms)
		AwakeInstancesAfterBackupRestoration (57ms)
Launched and connected shader compiler UnityShaderCompiler.exe after 0.29 seconds
Refreshing native plugins compatible for Editor in 8.51 ms, found 2 plugins.
Preloading 0 native plugins for Editor in 0.00 ms.
Unloading 217 Unused Serialized files (Serialized files now loaded: 0)
Unloading 6605 unused Assets / (5.0 MB). Loaded Objects now: 7274.
Memory consumption went from 168.0 MB to 163.1 MB.
Total: 58.444900 ms (FindLiveObjects: 7.317400 ms CreateObjectMapping: 6.139500 ms MarkObjects: 27.595100 ms  DeleteObjects: 17.387500 ms)

========================================================================
Received Import Request.
  Time since last request: 1681213.027563 seconds.
  path: Assets/UniversalRenderPipelineGlobalSettings.asset
  artifactKey: Guid(93b439a37f63240aca3dd4e01d978a9f) Importer(815301076,1909f56bfc062723c751e8b465ee728b)
Start importing Assets/UniversalRenderPipelineGlobalSettings.asset using Guid(93b439a37f63240aca3dd4e01d978a9f) Importer(815301076,1909f56bfc062723c751e8b465ee728b) (PreviewImporter) -> (artifact id: 'b420c9a91346aec13dbb904a2354bef0') in 0.3256617 seconds
Number of updated asset objects reloaded before import = 0Number of asset objects unloaded after import = 0

========================================================================
Received Import Request.
  Time since last request: 0.000108 seconds.
  path: Assets/DefaultVolumeProfile.asset
  artifactKey: Guid(3f9215ea0144899419cfbc0957140d3f) Importer(815301076,1909f56bfc062723c751e8b465ee728b)
Start importing Assets/DefaultVolumeProfile.asset using Guid(3f9215ea0144899419cfbc0957140d3f) Importer(815301076,1909f56bfc062723c751e8b465ee728b) (PreviewImporter) -> (artifact id: '1e3ee85287093c2e01e2184a29fd3edf') in 0.0074342 seconds
Number of updated asset objects reloaded before import = 0Number of asset objects unloaded after import = 0

========================================================================
Received Prepare
Begin MonoManager ReloadAssembly
- Loaded All Assemblies, in  7.022 seconds
Refreshing native plugins compatible for Editor in 2.72 ms, found 4 plugins.
Native extension for WindowsStandalone target not found
Native extension for WebGL target not found
Mono: successfully reloaded assembly
- Finished resetting the current domain, in  1.704 seconds
Domain Reload Profiling: 8749ms
	BeginReloadAssembly (3726ms)
		ExecutionOrderSort (6ms)
		DisableScriptedObjects (498ms)
		BackupInstance (0ms)
		ReleaseScriptingObjects (7ms)
		CreateAndSetChildDomain (1560ms)
	RebuildCommonClasses (95ms)
	RebuildNativeTypeToScriptingClass (32ms)
	initialDomainReloadingComplete (109ms)
	LoadAllAssembliesAndSetupDomain (3081ms)
		LoadAssemblies (2640ms)
		RebuildTransferFunctionScriptingTraits (0ms)
		AnalyzeDomain (1304ms)
			TypeCache.Refresh (898ms)
				TypeCache.ScanAssembly (692ms)
			BuildScriptInfoCaches (350ms)
			ResolveRequiredComponents (26ms)
	FinalizeReload (1706ms)
		ReleaseScriptCaches (0ms)
		RebuildScriptCaches (0ms)
		SetupLoadedEditorAssemblies (1378ms)
			LogAssemblyErrors (0ms)
			InitializePlatformSupportModulesInManaged (6ms)
			SetLoadedEditorAssemblies (8ms)
			BeforeProcessingInitializeOnLoad (449ms)
			ProcessInitializeOnLoadAttributes (780ms)
			ProcessInitializeOnLoadMethodAttributes (124ms)
			AfterProcessingInitializeOnLoad (10ms)
			EditorAssembliesLoaded (2ms)
		ExecutionOrderSort2 (0ms)
		AwakeInstancesAfterBackupRestoration (34ms)
Refreshing native plugins compatible for Editor in 2.95 ms, found 4 plugins.
Preloading 0 native plugins for Editor in 0.00 ms.
Unloading 36 Unused Serialized files (Serialized files now loaded: 0)
Unloading 6616 unused Assets / (7.2 MB). Loaded Objects now: 7290.
Memory consumption went from 143.8 MB to 136.6 MB.
Total: 22.418800 ms (FindLiveObjects: 1.073700 ms CreateObjectMapping: 1.579600 ms MarkObjects: 12.491400 ms  DeleteObjects: 7.270600 ms)

Prepare: number of updated asset objects reloaded= 0
========================================================================
Received Prepare
Refreshing native plugins compatible for Editor in 11.09 ms, found 4 plugins.
Preloading 0 native plugins for Editor in 0.00 ms.
Unloading 36 Unused Serialized files (Serialized files now loaded: 0)
Unloading 6606 unused Assets / (6.6 MB). Loaded Objects now: 7291.
Memory consumption went from 145.4 MB to 138.8 MB.
Total: 518.451600 ms (FindLiveObjects: 8.497800 ms CreateObjectMapping: 2.511400 ms MarkObjects: 497.538400 ms  DeleteObjects: 9.866800 ms)

Prepare: number of updated asset objects reloaded= 0
========================================================================
Received Import Request.
  Time since last request: 3002.289536 seconds.
  path: Assets/Scripts/paddle.cs
  artifactKey: Guid(edd4a81d3a5a237468a6a2d66b89148e) Importer(815301076,1909f56bfc062723c751e8b465ee728b)
Start importing Assets/Scripts/paddle.cs using Guid(edd4a81d3a5a237468a6a2d66b89148e) Importer(815301076,1909f56bfc062723c751e8b465ee728b) (PreviewImporter) -> (artifact id: '550cc61d09adab35119566a2ca548404') in 0.3778544 seconds
Number of updated asset objects reloaded before import = 0Number of asset objects unloaded after import = 0

========================================================================
Received Prepare
Begin MonoManager ReloadAssembly
- Loaded All Assemblies, in 16.041 seconds
Refreshing native plugins compatible for Editor in 4.43 ms, found 4 plugins.
Native extension for WindowsStandalone target not found
Native extension for WebGL target not found
Mono: successfully reloaded assembly
- Finished resetting the current domain, in  3.880 seconds
Domain Reload Profiling: 19926ms
	BeginReloadAssembly (5531ms)
		ExecutionOrderSort (1ms)
		DisableScriptedObjects (745ms)
		BackupInstance (0ms)
		ReleaseScriptingObjects (6ms)
		CreateAndSetChildDomain (1480ms)
	RebuildCommonClasses (589ms)
	RebuildNativeTypeToScriptingClass (49ms)
	initialDomainReloadingComplete (169ms)
	LoadAllAssembliesAndSetupDomain (9703ms)
		LoadAssemblies (10317ms)
		RebuildTransferFunctionScriptingTraits (0ms)
		AnalyzeDomain (1645ms)
			TypeCache.Refresh (180ms)
				TypeCache.ScanAssembly (1ms)
			BuildScriptInfoCaches (1379ms)
			ResolveRequiredComponents (34ms)
	FinalizeReload (3885ms)
		ReleaseScriptCaches (0ms)
		RebuildScriptCaches (0ms)
		SetupLoadedEditorAssemblies (3174ms)
			LogAssemblyErrors (0ms)
			InitializePlatformSupportModulesInManaged (15ms)
			SetLoadedEditorAssemblies (16ms)
			BeforeProcessingInitializeOnLoad (522ms)
			ProcessInitializeOnLoadAttributes (2234ms)
			ProcessInitializeOnLoadMethodAttributes (359ms)
			AfterProcessingInitializeOnLoad (25ms)
			EditorAssembliesLoaded (2ms)
		ExecutionOrderSort2 (0ms)
		AwakeInstancesAfterBackupRestoration (114ms)
Refreshing native plugins compatible for Editor in 15.77 ms, found 4 plugins.
Preloading 0 native plugins for Editor in 0.00 ms.
Unloading 36 Unused Serialized files (Serialized files now loaded: 0)
Unloading 6617 unused Assets / (7.2 MB). Loaded Objects now: 7293.
Memory consumption went from 143.8 MB to 136.6 MB.
Total: 79.961500 ms (FindLiveObjects: 8.671100 ms CreateObjectMapping: 4.317600 ms MarkObjects: 46.521500 ms  DeleteObjects: 20.447700 ms)

Prepare: number of updated asset objects reloaded= 0
========================================================================
Received Prepare
Begin MonoManager ReloadAssembly
- Loaded All Assemblies, in  9.503 seconds
Refreshing native plugins compatible for Editor in 9.82 ms, found 4 plugins.
Native extension for WindowsStandalone target not found
Native extension for WebGL target not found
Mono: successfully reloaded assembly
- Finished resetting the current domain, in  2.282 seconds
Domain Reload Profiling: 11800ms
	BeginReloadAssembly (3065ms)
		ExecutionOrderSort (1ms)
		DisableScriptedObjects (361ms)
		BackupInstance (0ms)
		ReleaseScriptingObjects (7ms)
		CreateAndSetChildDomain (1307ms)
	RebuildCommonClasses (192ms)
	RebuildNativeTypeToScriptingClass (38ms)
	initialDomainReloadingComplete (236ms)
	LoadAllAssembliesAndSetupDomain (5986ms)
		LoadAssemblies (4609ms)
		RebuildTransferFunctionScriptingTraits (0ms)
		AnalyzeDomain (2204ms)
			TypeCache.Refresh (148ms)
				TypeCache.ScanAssembly (0ms)
			BuildScriptInfoCaches (1846ms)
			ResolveRequiredComponents (112ms)
	FinalizeReload (2283ms)
		ReleaseScriptCaches (0ms)
		RebuildScriptCaches (0ms)
		SetupLoadedEditorAssemblies (1819ms)
			LogAssemblyErrors (0ms)
			InitializePlatformSupportModulesInManaged (9ms)
			SetLoadedEditorAssemblies (10ms)
			BeforeProcessingInitializeOnLoad (486ms)
			ProcessInitializeOnLoadAttributes (1120ms)
			ProcessInitializeOnLoadMethodAttributes (179ms)
			AfterProcessingInitializeOnLoad (13ms)
			EditorAssembliesLoaded (1ms)
		ExecutionOrderSort2 (0ms)
		AwakeInstancesAfterBackupRestoration (50ms)
Refreshing native plugins compatible for Editor in 5.50 ms, found 4 plugins.
Preloading 0 native plugins for Editor in 0.00 ms.
Unloading 36 Unused Serialized files (Serialized files now loaded: 0)
Unloading 6616 unused Assets / (7.0 MB). Loaded Objects now: 7294.
Memory consumption went from 145.2 MB to 138.2 MB.
Total: 26.606700 ms (FindLiveObjects: 1.796000 ms CreateObjectMapping: 2.170600 ms MarkObjects: 13.655500 ms  DeleteObjects: 8.981700 ms)

Prepare: number of updated asset objects reloaded= 0
========================================================================
Received Prepare
Refreshing native plugins compatible for Editor in 5.07 ms, found 4 plugins.
Preloading 0 native plugins for Editor in 0.00 ms.
Unloading 36 Unused Serialized files (Serialized files now loaded: 0)
Unloading 6606 unused Assets / (7.1 MB). Loaded Objects now: 7295.
Memory consumption went from 146.7 MB to 139.6 MB.
Total: 18.715300 ms (FindLiveObjects: 1.179100 ms CreateObjectMapping: 1.660700 ms MarkObjects: 9.742300 ms  DeleteObjects: 6.131000 ms)

Prepare: number of updated asset objects reloaded= 0
========================================================================
Received Prepare
Begin MonoManager ReloadAssembly
- Loaded All Assemblies, in  5.838 seconds
Refreshing native plugins compatible for Editor in 16.92 ms, found 4 plugins.
Native extension for WindowsStandalone target not found
Native extension for WebGL target not found
Mono: successfully reloaded assembly
- Finished resetting the current domain, in  2.091 seconds
Domain Reload Profiling: 7937ms
	BeginReloadAssembly (2171ms)
		ExecutionOrderSort (1ms)
		DisableScriptedObjects (503ms)
		BackupInstance (0ms)
		ReleaseScriptingObjects (2ms)
		CreateAndSetChildDomain (469ms)
	RebuildCommonClasses (80ms)
	RebuildNativeTypeToScriptingClass (31ms)
	initialDomainReloadingComplete (114ms)
	LoadAllAssembliesAndSetupDomain (3448ms)
		LoadAssemblies (2811ms)
		RebuildTransferFunctionScriptingTraits (0ms)
		AnalyzeDomain (1084ms)
			TypeCache.Refresh (94ms)
				TypeCache.ScanAssembly (1ms)
			BuildScriptInfoCaches (857ms)
			ResolveRequiredComponents (59ms)
	FinalizeReload (2093ms)
		ReleaseScriptCaches (0ms)
		RebuildScriptCaches (0ms)
		SetupLoadedEditorAssemblies (1655ms)
			LogAssemblyErrors (0ms)
			InitializePlatformSupportModulesInManaged (6ms)
			SetLoadedEditorAssemblies (10ms)
			BeforeProcessingInitializeOnLoad (329ms)
			ProcessInitializeOnLoadAttributes (1107ms)
			ProcessInitializeOnLoadMethodAttributes (188ms)
			AfterProcessingInitializeOnLoad (13ms)
			EditorAssembliesLoaded (1ms)
		ExecutionOrderSort2 (0ms)
		AwakeInstancesAfterBackupRestoration (41ms)
Refreshing native plugins compatible for Editor in 6.52 ms, found 4 plugins.
Preloading 0 native plugins for Editor in 0.00 ms.
Unloading 36 Unused Serialized files (Serialized files now loaded: 0)
Unloading 6617 unused Assets / (7.3 MB). Loaded Objects now: 7297.
Memory consumption went from 146.6 MB to 139.3 MB.
Total: 28.044700 ms (FindLiveObjects: 3.092600 ms CreateObjectMapping: 3.153300 ms MarkObjects: 14.554600 ms  DeleteObjects: 7.240600 ms)

Prepare: number of updated asset objects reloaded= 0
========================================================================
Received Prepare
Refreshing native plugins compatible for Editor in 10.57 ms, found 4 plugins.
Preloading 0 native plugins for Editor in 0.00 ms.
Unloading 36 Unused Serialized files (Serialized files now loaded: 0)
Unloading 6606 unused Assets / (7.2 MB). Loaded Objects now: 7297.
Memory consumption went from 148.1 MB to 141.0 MB.
Total: 511.073400 ms (FindLiveObjects: 7.539000 ms CreateObjectMapping: 2.070700 ms MarkObjects: 493.856800 ms  DeleteObjects: 7.601000 ms)

Prepare: number of updated asset objects reloaded= 0
========================================================================
Received Prepare
Begin MonoManager ReloadAssembly
- Loaded All Assemblies, in  5.957 seconds
Refreshing native plugins compatible for Editor in 6.97 ms, found 4 plugins.
Native extension for WindowsStandalone target not found
Native extension for WebGL target not found
Mono: successfully reloaded assembly
- Finished resetting the current domain, in  1.806 seconds
Domain Reload Profiling: 7763ms
	BeginReloadAssembly (2462ms)
		ExecutionOrderSort (1ms)
		DisableScriptedObjects (361ms)
		BackupInstance (0ms)
		ReleaseScriptingObjects (4ms)
		CreateAndSetChildDomain (1085ms)
	RebuildCommonClasses (102ms)
	RebuildNativeTypeToScriptingClass (37ms)
	initialDomainReloadingComplete (121ms)
	LoadAllAssembliesAndSetupDomain (3233ms)
		LoadAssemblies (2780ms)
		RebuildTransferFunctionScriptingTraits (0ms)
		AnalyzeDomain (998ms)
			TypeCache.Refresh (89ms)
				TypeCache.ScanAssembly (2ms)
			BuildScriptInfoCaches (821ms)
			ResolveRequiredComponents (35ms)
	FinalizeReload (1808ms)
		ReleaseScriptCaches (0ms)
		RebuildScriptCaches (0ms)
		SetupLoadedEditorAssemblies (1436ms)
			LogAssemblyErrors (0ms)
			InitializePlatformSupportModulesInManaged (6ms)
			SetLoadedEditorAssemblies (9ms)
			BeforeProcessingInitializeOnLoad (325ms)
			ProcessInitializeOnLoadAttributes (922ms)
			ProcessInitializeOnLoadMethodAttributes (163ms)
			AfterProcessingInitializeOnLoad (10ms)
			EditorAssembliesLoaded (1ms)
		ExecutionOrderSort2 (0ms)
		AwakeInstancesAfterBackupRestoration (37ms)
Refreshing native plugins compatible for Editor in 6.92 ms, found 4 plugins.
Preloading 0 native plugins for Editor in 0.00 ms.
Unloading 36 Unused Serialized files (Serialized files now loaded: 0)
Unloading 6617 unused Assets / (7.0 MB). Loaded Objects now: 7299.
Memory consumption went from 149.4 MB to 142.3 MB.
Total: 26.461300 ms (FindLiveObjects: 2.349900 ms CreateObjectMapping: 2.367500 ms MarkObjects: 13.400100 ms  DeleteObjects: 8.340900 ms)

Prepare: number of updated asset objects reloaded= 0
========================================================================
Received Prepare
Begin MonoManager ReloadAssembly
- Loaded All Assemblies, in  7.597 seconds
Refreshing native plugins compatible for Editor in 19.63 ms, found 4 plugins.
Native extension for WindowsStandalone target not found
Native extension for WebGL target not found
Mono: successfully reloaded assembly
- Finished resetting the current domain, in  3.336 seconds
Domain Reload Profiling: 10952ms
	BeginReloadAssembly (2230ms)
		ExecutionOrderSort (1ms)
		DisableScriptedObjects (347ms)
		BackupInstance (0ms)
		ReleaseScriptingObjects (6ms)
		CreateAndSetChildDomain (683ms)
	RebuildCommonClasses (307ms)
	RebuildNativeTypeToScriptingClass (53ms)
	initialDomainReloadingComplete (216ms)
	LoadAllAssembliesAndSetupDomain (4806ms)
		LoadAssemblies (3908ms)
		RebuildTransferFunctionScriptingTraits (0ms)
		AnalyzeDomain (1544ms)
			TypeCache.Refresh (119ms)
				TypeCache.ScanAssembly (0ms)
			BuildScriptInfoCaches (1273ms)
			ResolveRequiredComponents (68ms)
	FinalizeReload (3340ms)
		ReleaseScriptCaches (0ms)
		RebuildScriptCaches (0ms)
		SetupLoadedEditorAssemblies (2622ms)
			LogAssemblyErrors (0ms)
			InitializePlatformSupportModulesInManaged (13ms)
			SetLoadedEditorAssemblies (16ms)
			BeforeProcessingInitializeOnLoad (519ms)
			ProcessInitializeOnLoadAttributes (1766ms)
			ProcessInitializeOnLoadMethodAttributes (288ms)
			AfterProcessingInitializeOnLoad (17ms)
			EditorAssembliesLoaded (4ms)
		ExecutionOrderSort2 (0ms)
		AwakeInstancesAfterBackupRestoration (65ms)
Refreshing native plugins compatible for Editor in 7.42 ms, found 4 plugins.
Preloading 0 native plugins for Editor in 0.00 ms.
Unloading 36 Unused Serialized files (Serialized files now loaded: 0)
Unloading 6617 unused Assets / (7.4 MB). Loaded Objects now: 7301.
Memory consumption went from 146.7 MB to 139.3 MB.
Total: 48.573500 ms (FindLiveObjects: 5.213700 ms CreateObjectMapping: 3.745600 ms MarkObjects: 22.995900 ms  DeleteObjects: 16.615300 ms)

Prepare: number of updated asset objects reloaded= 0
========================================================================
Received Prepare
Refreshing native plugins compatible for Editor in 9.27 ms, found 4 plugins.
Preloading 0 native plugins for Editor in 0.00 ms.
Unloading 36 Unused Serialized files (Serialized files now loaded: 0)
Unloading 6606 unused Assets / (7.3 MB). Loaded Objects now: 7301.
Memory consumption went from 148.2 MB to 141.0 MB.
Total: 403.853800 ms (FindLiveObjects: 17.456500 ms CreateObjectMapping: 2.976500 ms MarkObjects: 370.429900 ms  DeleteObjects: 12.972800 ms)

Prepare: number of updated asset objects reloaded= 0
========================================================================
Received Prepare
Begin MonoManager ReloadAssembly
- Loaded All Assemblies, in  5.258 seconds
Refreshing native plugins compatible for Editor in 9.59 ms, found 4 plugins.
Native extension for WindowsStandalone target not found
Native extension for WebGL target not found
Mono: successfully reloaded assembly
- Finished resetting the current domain, in  1.822 seconds
Domain Reload Profiling: 7084ms
	BeginReloadAssembly (2656ms)
		ExecutionOrderSort (1ms)
		DisableScriptedObjects (471ms)
		BackupInstance (0ms)
		ReleaseScriptingObjects (9ms)
		CreateAndSetChildDomain (1021ms)
	RebuildCommonClasses (103ms)
	RebuildNativeTypeToScriptingClass (25ms)
	initialDomainReloadingComplete (91ms)
	LoadAllAssembliesAndSetupDomain (2383ms)
		LoadAssemblies (2083ms)
		RebuildTransferFunctionScriptingTraits (0ms)
		AnalyzeDomain (776ms)
			TypeCache.Refresh (111ms)
				TypeCache.ScanAssembly (1ms)
			BuildScriptInfoCaches (598ms)
			ResolveRequiredComponents (27ms)
	FinalizeReload (1826ms)
		ReleaseScriptCaches (0ms)
		RebuildScriptCaches (0ms)
		SetupLoadedEditorAssemblies (1456ms)
			LogAssemblyErrors (0ms)
			InitializePlatformSupportModulesInManaged (7ms)
			SetLoadedEditorAssemblies (10ms)
			BeforeProcessingInitializeOnLoad (287ms)
			ProcessInitializeOnLoadAttributes (942ms)
			ProcessInitializeOnLoadMethodAttributes (192ms)
			AfterProcessingInitializeOnLoad (16ms)
			EditorAssembliesLoaded (1ms)
		ExecutionOrderSort2 (0ms)
		AwakeInstancesAfterBackupRestoration (45ms)
Refreshing native plugins compatible for Editor in 4.78 ms, found 4 plugins.
Preloading 0 native plugins for Editor in 0.00 ms.
Unloading 36 Unused Serialized files (Serialized files now loaded: 0)
Unloading 6617 unused Assets / (7.1 MB). Loaded Objects now: 7303.
Memory consumption went from 145.4 MB to 138.3 MB.
Total: 26.166600 ms (FindLiveObjects: 1.573700 ms CreateObjectMapping: 2.574500 ms MarkObjects: 15.309800 ms  DeleteObjects: 6.706200 ms)

Prepare: number of updated asset objects reloaded= 0
========================================================================
Received Prepare
Begin MonoManager ReloadAssembly
- Loaded All Assemblies, in  4.647 seconds
Refreshing native plugins compatible for Editor in 516.97 ms, found 4 plugins.
Native extension for WindowsStandalone target not found
Native extension for WebGL target not found
Mono: successfully reloaded assembly
- Finished resetting the current domain, in  3.977 seconds
Domain Reload Profiling: 8678ms
	BeginReloadAssembly (771ms)
		ExecutionOrderSort (0ms)
		DisableScriptedObjects (36ms)
		BackupInstance (0ms)
		ReleaseScriptingObjects (1ms)
		CreateAndSetChildDomain (153ms)
	RebuildCommonClasses (77ms)
	RebuildNativeTypeToScriptingClass (27ms)
	initialDomainReloadingComplete (69ms)
	LoadAllAssembliesAndSetupDomain (3754ms)
		LoadAssemblies (2495ms)
		RebuildTransferFunctionScriptingTraits (0ms)
		AnalyzeDomain (1670ms)
			TypeCache.Refresh (81ms)
				TypeCache.ScanAssembly (0ms)
			BuildScriptInfoCaches (1397ms)
			ResolveRequiredComponents (79ms)
	FinalizeReload (3980ms)
		ReleaseScriptCaches (0ms)
		RebuildScriptCaches (0ms)
		SetupLoadedEditorAssemblies (3164ms)
			LogAssemblyErrors (0ms)
			InitializePlatformSupportModulesInManaged (11ms)
			SetLoadedEditorAssemblies (15ms)
			BeforeProcessingInitializeOnLoad (651ms)
			ProcessInitializeOnLoadAttributes (2047ms)
			ProcessInitializeOnLoadMethodAttributes (411ms)
			AfterProcessingInitializeOnLoad (25ms)
			EditorAssembliesLoaded (4ms)
		ExecutionOrderSort2 (0ms)
		AwakeInstancesAfterBackupRestoration (89ms)
Refreshing native plugins compatible for Editor in 9.75 ms, found 4 plugins.
Preloading 0 native plugins for Editor in 0.00 ms.
Unloading 36 Unused Serialized files (Serialized files now loaded: 0)
Unloading 6617 unused Assets / (9.5 MB). Loaded Objects now: 7305.
Memory consumption went from 144.1 MB to 134.6 MB.
Total: 114.108600 ms (FindLiveObjects: 2.841100 ms CreateObjectMapping: 2.418300 ms MarkObjects: 91.141100 ms  DeleteObjects: 17.704100 ms)

Prepare: number of updated asset objects reloaded= 0
========================================================================
Received Prepare
Refreshing native plugins compatible for Editor in 12.72 ms, found 4 plugins.
Preloading 0 native plugins for Editor in 0.00 ms.
Unloading 36 Unused Serialized files (Serialized files now loaded: 0)
Unloading 6606 unused Assets / (7.2 MB). Loaded Objects now: 7305.
Memory consumption went from 145.6 MB to 138.3 MB.
Total: 413.978600 ms (FindLiveObjects: 8.429700 ms CreateObjectMapping: 2.754100 ms MarkObjects: 392.659800 ms  DeleteObjects: 10.126100 ms)

Prepare: number of updated asset objects reloaded= 0
========================================================================
Received Prepare
Begin MonoManager ReloadAssembly
- Loaded All Assemblies, in 12.544 seconds
Refreshing native plugins compatible for Editor in 8.44 ms, found 4 plugins.
Native extension for WindowsStandalone target not found
Native extension for WebGL target not found
Mono: successfully reloaded assembly
- Finished resetting the current domain, in  2.226 seconds
Domain Reload Profiling: 14802ms
	BeginReloadAssembly (4925ms)
		ExecutionOrderSort (3ms)
		DisableScriptedObjects (681ms)
		BackupInstance (0ms)
		ReleaseScriptingObjects (10ms)
		CreateAndSetChildDomain (1745ms)
	RebuildCommonClasses (547ms)
	RebuildNativeTypeToScriptingClass (29ms)
	initialDomainReloadingComplete (105ms)
	LoadAllAssembliesAndSetupDomain (6967ms)
		LoadAssemblies (7026ms)
		RebuildTransferFunctionScriptingTraits (0ms)
		AnalyzeDomain (1575ms)
			TypeCache.Refresh (295ms)
				TypeCache.ScanAssembly (6ms)
			BuildScriptInfoCaches (1125ms)
			ResolveRequiredComponents (64ms)
	FinalizeReload (2229ms)
		ReleaseScriptCaches (0ms)
		RebuildScriptCaches (0ms)
		SetupLoadedEditorAssemblies (1778ms)
			LogAssemblyErrors (0ms)
			InitializePlatformSupportModulesInManaged (8ms)
			SetLoadedEditorAssemblies (9ms)
			BeforeProcessingInitializeOnLoad (356ms)
			ProcessInitializeOnLoadAttributes (1210ms)
			ProcessInitializeOnLoadMethodAttributes (180ms)
			AfterProcessingInitializeOnLoad (13ms)
			EditorAssembliesLoaded (2ms)
		ExecutionOrderSort2 (0ms)
		AwakeInstancesAfterBackupRestoration (40ms)
Refreshing native plugins compatible for Editor in 4.34 ms, found 4 plugins.
Preloading 0 native plugins for Editor in 0.00 ms.
Unloading 36 Unused Serialized files (Serialized files now loaded: 0)
Unloading 6617 unused Assets / (8.1 MB). Loaded Objects now: 7307.
Memory consumption went from 146.8 MB to 138.7 MB.
Total: 27.059100 ms (FindLiveObjects: 2.282900 ms CreateObjectMapping: 1.560900 ms MarkObjects: 14.005400 ms  DeleteObjects: 9.206200 ms)

Prepare: number of updated asset objects reloaded= 0
========================================================================
Received Prepare
Begin MonoManager ReloadAssembly
- Loaded All Assemblies, in  3.033 seconds
Refreshing native plugins compatible for Editor in 5.67 ms, found 4 plugins.
Native extension for WindowsStandalone target not found
Native extension for WebGL target not found
Mono: successfully reloaded assembly
- Finished resetting the current domain, in  1.782 seconds
Domain Reload Profiling: 4822ms
	BeginReloadAssembly (676ms)
		ExecutionOrderSort (0ms)
		DisableScriptedObjects (41ms)
		BackupInstance (0ms)
		ReleaseScriptingObjects (2ms)
		CreateAndSetChildDomain (218ms)
	RebuildCommonClasses (67ms)
	RebuildNativeTypeToScriptingClass (25ms)
	initialDomainReloadingComplete (73ms)
	LoadAllAssembliesAndSetupDomain (2197ms)
		LoadAssemblies (1756ms)
		RebuildTransferFunctionScriptingTraits (0ms)
		AnalyzeDomain (718ms)
			TypeCache.Refresh (46ms)
				TypeCache.ScanAssembly (0ms)
			BuildScriptInfoCaches (591ms)
			ResolveRequiredComponents (33ms)
	FinalizeReload (1784ms)
		ReleaseScriptCaches (0ms)
		RebuildScriptCaches (0ms)
		SetupLoadedEditorAssemblies (1431ms)
			LogAssemblyErrors (0ms)
			InitializePlatformSupportModulesInManaged (7ms)
			SetLoadedEditorAssemblies (8ms)
			BeforeProcessingInitializeOnLoad (339ms)
			ProcessInitializeOnLoadAttributes (888ms)
			ProcessInitializeOnLoadMethodAttributes (177ms)
			AfterProcessingInitializeOnLoad (11ms)
			EditorAssembliesLoaded (1ms)
		ExecutionOrderSort2 (0ms)
		AwakeInstancesAfterBackupRestoration (32ms)
Refreshing native plugins compatible for Editor in 6.59 ms, found 4 plugins.
Preloading 0 native plugins for Editor in 0.00 ms.
Unloading 36 Unused Serialized files (Serialized files now loaded: 0)
Unloading 6617 unused Assets / (8.1 MB). Loaded Objects now: 7309.
Memory consumption went from 146.8 MB to 138.7 MB.
Total: 30.363700 ms (FindLiveObjects: 2.519900 ms CreateObjectMapping: 2.708100 ms MarkObjects: 14.694300 ms  DeleteObjects: 10.438000 ms)

Prepare: number of updated asset objects reloaded= 0
========================================================================
Received Prepare
Refreshing native plugins compatible for Editor in 8.87 ms, found 4 plugins.
Preloading 0 native plugins for Editor in 0.00 ms.
Unloading 36 Unused Serialized files (Serialized files now loaded: 0)
Unloading 6606 unused Assets / (7.0 MB). Loaded Objects now: 7309.
Memory consumption went from 148.3 MB to 141.3 MB.
Total: 720.347500 ms (FindLiveObjects: 7.444100 ms CreateObjectMapping: 3.410700 ms MarkObjects: 699.418400 ms  DeleteObjects: 9.877900 ms)

Prepare: number of updated asset objects reloaded= 0
========================================================================
Received Prepare
Begin MonoManager ReloadAssembly
- Loaded All Assemblies, in  8.720 seconds
Refreshing native plugins compatible for Editor in 4.22 ms, found 4 plugins.
Native extension for WindowsStandalone target not found
Native extension for WebGL target not found
Mono: successfully reloaded assembly
- Finished resetting the current domain, in  2.011 seconds
Domain Reload Profiling: 10742ms
	BeginReloadAssembly (4578ms)
		ExecutionOrderSort (2ms)
		DisableScriptedObjects (1319ms)
		BackupInstance (0ms)
		ReleaseScriptingObjects (9ms)
		CreateAndSetChildDomain (1345ms)
	RebuildCommonClasses (144ms)
	RebuildNativeTypeToScriptingClass (41ms)
	initialDomainReloadingComplete (151ms)
	LoadAllAssembliesAndSetupDomain (3816ms)
		LoadAssemblies (3332ms)
		RebuildTransferFunctionScriptingTraits (0ms)
		AnalyzeDomain (1532ms)
			TypeCache.Refresh (147ms)
				TypeCache.ScanAssembly (2ms)
			BuildScriptInfoCaches (1290ms)
			ResolveRequiredComponents (35ms)
	FinalizeReload (2012ms)
		ReleaseScriptCaches (0ms)
		RebuildScriptCaches (0ms)
		SetupLoadedEditorAssemblies (1593ms)
			LogAssemblyErrors (0ms)
			InitializePlatformSupportModulesInManaged (6ms)
			SetLoadedEditorAssemblies (9ms)
			BeforeProcessingInitializeOnLoad (338ms)
			ProcessInitializeOnLoadAttributes (1055ms)
			ProcessInitializeOnLoadMethodAttributes (172ms)
			AfterProcessingInitializeOnLoad (11ms)
			EditorAssembliesLoaded (1ms)
		ExecutionOrderSort2 (0ms)
		AwakeInstancesAfterBackupRestoration (42ms)
Refreshing native plugins compatible for Editor in 7.34 ms, found 4 plugins.
Preloading 0 native plugins for Editor in 0.00 ms.
Unloading 36 Unused Serialized files (Serialized files now loaded: 0)
Unloading 6617 unused Assets / (8.1 MB). Loaded Objects now: 7311.
Memory consumption went from 145.5 MB to 137.4 MB.
Total: 27.266800 ms (FindLiveObjects: 1.878100 ms CreateObjectMapping: 1.859300 ms MarkObjects: 14.312900 ms  DeleteObjects: 9.214200 ms)

Prepare: number of updated asset objects reloaded= 0
========================================================================
Received Prepare
Begin MonoManager ReloadAssembly
- Loaded All Assemblies, in 22.940 seconds
Refreshing native plugins compatible for Editor in 3.72 ms, found 4 plugins.
Native extension for WindowsStandalone target not found
Native extension for WebGL target not found
Mono: successfully reloaded assembly
- Finished resetting the current domain, in  2.724 seconds
Domain Reload Profiling: 25709ms
	BeginReloadAssembly (7005ms)
		ExecutionOrderSort (4ms)
		DisableScriptedObjects (1002ms)
		BackupInstance (0ms)
		ReleaseScriptingObjects (9ms)
		CreateAndSetChildDomain (1915ms)
	RebuildCommonClasses (903ms)
	RebuildNativeTypeToScriptingClass (41ms)
	initialDomainReloadingComplete (201ms)
	LoadAllAssembliesAndSetupDomain (14833ms)
		LoadAssemblies (14839ms)
		RebuildTransferFunctionScriptingTraits (0ms)
		AnalyzeDomain (2893ms)
			TypeCache.Refresh (343ms)
				TypeCache.ScanAssembly (0ms)
			BuildScriptInfoCaches (2411ms)
			ResolveRequiredComponents (51ms)
	FinalizeReload (2726ms)
		ReleaseScriptCaches (0ms)
		RebuildScriptCaches (0ms)
		SetupLoadedEditorAssemblies (1895ms)
			LogAssemblyErrors (0ms)
			InitializePlatformSupportModulesInManaged (15ms)
			SetLoadedEditorAssemblies (31ms)
			BeforeProcessingInitializeOnLoad (428ms)
			ProcessInitializeOnLoadAttributes (1269ms)
			ProcessInitializeOnLoadMethodAttributes (142ms)
			AfterProcessingInitializeOnLoad (9ms)
			EditorAssembliesLoaded (2ms)
		ExecutionOrderSort2 (0ms)
		AwakeInstancesAfterBackupRestoration (35ms)
Refreshing native plugins compatible for Editor in 5.71 ms, found 4 plugins.
Preloading 0 native plugins for Editor in 0.00 ms.
Unloading 36 Unused Serialized files (Serialized files now loaded: 0)
Unloading 6617 unused Assets / (7.0 MB). Loaded Objects now: 7313.
Memory consumption went from 146.9 MB to 139.9 MB.
Total: 30.474900 ms (FindLiveObjects: 2.725700 ms CreateObjectMapping: 1.553000 ms MarkObjects: 19.135600 ms  DeleteObjects: 7.058400 ms)

Prepare: number of updated asset objects reloaded= 0
========================================================================
Received Prepare
Refreshing native plugins compatible for Editor in 6.97 ms, found 4 plugins.
Preloading 0 native plugins for Editor in 0.00 ms.
Unloading 36 Unused Serialized files (Serialized files now loaded: 0)
Unloading 6606 unused Assets / (8.6 MB). Loaded Objects now: 7313.
Memory consumption went from 148.5 MB to 139.9 MB.
Total: 140.877700 ms (FindLiveObjects: 5.350700 ms CreateObjectMapping: 2.454100 ms MarkObjects: 122.885500 ms  DeleteObjects: 10.182000 ms)

Prepare: number of updated asset objects reloaded= 0
========================================================================
Received Prepare
Begin MonoManager ReloadAssembly
- Loaded All Assemblies, in  5.772 seconds
Refreshing native plugins compatible for Editor in 8.44 ms, found 4 plugins.
Native extension for WindowsStandalone target not found
Native extension for WebGL target not found
Mono: successfully reloaded assembly
- Finished resetting the current domain, in  1.640 seconds
Domain Reload Profiling: 7411ms
	BeginReloadAssembly (2940ms)
		ExecutionOrderSort (2ms)
		DisableScriptedObjects (689ms)
		BackupInstance (0ms)
		ReleaseScriptingObjects (9ms)
		CreateAndSetChildDomain (1025ms)
	RebuildCommonClasses (96ms)
	RebuildNativeTypeToScriptingClass (34ms)
	initialDomainReloadingComplete (113ms)
	LoadAllAssembliesAndSetupDomain (2585ms)
		LoadAssemblies (2348ms)
		RebuildTransferFunctionScriptingTraits (0ms)
		AnalyzeDomain (773ms)
			TypeCache.Refresh (92ms)
				TypeCache.ScanAssembly (1ms)
			BuildScriptInfoCaches (613ms)
			ResolveRequiredComponents (27ms)
	FinalizeReload (1641ms)
		ReleaseScriptCaches (0ms)
		RebuildScriptCaches (0ms)
		SetupLoadedEditorAssemblies (1263ms)
			LogAssemblyErrors (0ms)
			InitializePlatformSupportModulesInManaged (6ms)
			SetLoadedEditorAssemblies (8ms)
			BeforeProcessingInitializeOnLoad (294ms)
			ProcessInitializeOnLoadAttributes (796ms)
			ProcessInitializeOnLoadMethodAttributes (150ms)
			AfterProcessingInitializeOnLoad (9ms)
			EditorAssembliesLoaded (1ms)
		ExecutionOrderSort2 (0ms)
		AwakeInstancesAfterBackupRestoration (34ms)
Refreshing native plugins compatible for Editor in 8.36 ms, found 4 plugins.
Preloading 0 native plugins for Editor in 0.00 ms.
Unloading 36 Unused Serialized files (Serialized files now loaded: 0)
Unloading 6617 unused Assets / (7.8 MB). Loaded Objects now: 7315.
Memory consumption went from 149.7 MB to 141.9 MB.
Total: 26.807300 ms (FindLiveObjects: 1.734900 ms CreateObjectMapping: 1.802000 ms MarkObjects: 13.546900 ms  DeleteObjects: 9.721000 ms)

Prepare: number of updated asset objects reloaded= 0
